2024.04.20 22:53:17 INFO  Started: Metals version 1.3.0 in folders '/Users/mathiusjohnson/projects/qwasar/Eng-Labs/warrior-database-load-tester' for client Visual Studio Code 1.88.1.
SLF4J: Class path contains multiple SLF4J providers.
SLF4J: Found provider [scribe.slf4j.ScribeServiceProvider@c3857b4]
SLF4J: Found provider [ch.qos.logback.classic.spi.LogbackServiceProvider@276ff998]
SLF4J: See https://www.slf4j.org/codes.html#multiple_bindings for an explanation.
SLF4J: Actual provider is of type [scribe.slf4j.ScribeServiceProvider@c3857b4]
2024.04.20 22:53:47 WARN  Flyway upgrade recommended: H2 2.2.224 is newer than this version of Flyway and support has not been tested. The latest supported version of H2 is 2.2.220.
Apr 20, 2024 10:53:53 PM org.eclipse.lsp4j.jsonrpc.RemoteEndpoint handleCancellation
WARNING: Unmatched cancel notification for request id 1
Apr 20, 2024 10:53:58 PM org.eclipse.lsp4j.jsonrpc.RemoteEndpoint handleCancellation
WARNING: Unmatched cancel notification for request id 2
Apr 20, 2024 10:54:00 PM org.eclipse.lsp4j.jsonrpc.RemoteEndpoint handleCancellation
WARNING: Unmatched cancel notification for request id 11
Apr 20, 2024 10:54:00 PM org.eclipse.lsp4j.jsonrpc.RemoteEndpoint handleCancellation
WARNING: Unmatched cancel notification for request id 12
Apr 20, 2024 10:55:07 PM org.eclipse.lsp4j.jsonrpc.RemoteEndpoint handleCancellation
WARNING: Unmatched cancel notification for request id 18
2024.04.20 22:56:16 INFO  no build target found for /Users/mathiusjohnson/projects/qwasar/Eng-Labs/warrior-database-load-tester/src/gatling/scala/warriordatabase/WarriorDatabaseSimulation.scala. Using presentation compiler with project's scala-library version: 3.3.3
2024.04.20 23:40:43 WARN  no build target for: /Users/mathiusjohnson/projects/qwasar/Eng-Labs/warrior-database-load-tester/src/gatling/scala/warriordatabase/WarriorDatabaseSimulation.scala
2024.04.21 00:04:23 WARN  no build target for: /Users/mathiusjohnson/projects/qwasar/Eng-Labs/warrior-database-load-tester/src/gatling/scala/warriordatabase/WarriorDatabaseSimulation.scala
Apr 21, 2024 12:04:30 AM org.eclipse.lsp4j.jsonrpc.services.GenericEndpoint notify
INFO: Unsupported notification method: $/setTrace
2024.04.21 17:30:49 WARN  no build target for: /Users/mathiusjohnson/projects/qwasar/Eng-Labs/warrior-database-load-tester/src/gatling/scala/warriordatabase/WarriorDatabaseSimulation.scala
Apr 21, 2024 11:06:06 PM org.eclipse.lsp4j.jsonrpc.RemoteEndpoint handleCancellation
WARNING: Unmatched cancel notification for request id 161
Apr 21, 2024 11:06:06 PM org.eclipse.lsp4j.jsonrpc.RemoteEndpoint handleCancellation
WARNING: Unmatched cancel notification for request id 162
Apr 21, 2024 11:06:07 PM org.eclipse.lsp4j.jsonrpc.RemoteEndpoint handleCancellation
WARNING: Unmatched cancel notification for request id 163
2024.04.21 23:06:11 WARN  no build target for: /Users/mathiusjohnson/projects/qwasar/Eng-Labs/warrior-database-load-tester/src/gatling/scala/warriordatabase/WarriorDatabaseSimulation.scala
2024.04.21 23:07:27 WARN  no build target for: /Users/mathiusjohnson/projects/qwasar/Eng-Labs/warrior-database-load-tester/src/gatling/scala/warriordatabase/WarriorDatabaseSimulation.scala
2024.04.21 23:11:32 WARN  no build target for: /Users/mathiusjohnson/projects/qwasar/Eng-Labs/warrior-database-load-tester/src/gatling/scala/warriordatabase/WarriorDatabaseSimulation.scala
2024.04.21 23:32:03 WARN  no build target for: /Users/mathiusjohnson/projects/qwasar/Eng-Labs/warrior-database-load-tester/src/gatling/scala/warriordatabase/WarriorDatabaseSimulation.scala
Apr 21, 2024 11:49:16 PM org.eclipse.lsp4j.jsonrpc.RemoteEndpoint handleNotification
WARNING: Notification threw an exception: {
  "jsonrpc": "2.0",
  "method": "metals/didFocusTextDocument",
  "params": [
    "git:/Users/mathiusjohnson/projects/qwasar/Eng-Labs/warrior-database-load-tester/src/gatling/scala/warriordatabase/WarriorDatabaseSimulation.scala?%7B%22path%22%3A%22%2FUsers%2Fmathiusjohnson%2Fprojects%2Fqwasar%2FEng-Labs%2Fwarrior-database-load-tester%2Fsrc%2Fgatling%2Fscala%2Fwarriordatabase%2FWarriorDatabaseSimulation.scala%22%2C%22ref%22%3A%22~%22%7D"
  ]
}
java.lang.RuntimeException: java.lang.reflect.InvocationTargetException
	at org.eclipse.lsp4j.jsonrpc.services.GenericEndpoint.lambda$null$0(GenericEndpoint.java:67)
	at org.eclipse.lsp4j.jsonrpc.services.GenericEndpoint.notify(GenericEndpoint.java:152)
	at org.eclipse.lsp4j.jsonrpc.RemoteEndpoint.handleNotification(RemoteEndpoint.java:220)
	at org.eclipse.lsp4j.jsonrpc.RemoteEndpoint.consume(RemoteEndpoint.java:187)
	at org.eclipse.lsp4j.jsonrpc.json.StreamMessageProducer.handleMessage(StreamMessageProducer.java:194)
	at org.eclipse.lsp4j.jsonrpc.json.StreamMessageProducer.listen(StreamMessageProducer.java:94)
	at org.eclipse.lsp4j.jsonrpc.json.ConcurrentMessageProcessor.run(ConcurrentMessageProcessor.java:113)
	at java.base/java.util.concurrent.Executors$RunnableAdapter.call(Executors.java:572)
	at java.base/java.util.concurrent.FutureTask.run(FutureTask.java:317)
	at java.base/java.util.concurrent.ThreadPoolExecutor.runWorker(ThreadPoolExecutor.java:1144)
	at java.base/java.util.concurrent.ThreadPoolExecutor$Worker.run(ThreadPoolExecutor.java:642)
	at java.base/java.lang.Thread.run(Thread.java:1583)
Caused by: java.lang.reflect.InvocationTargetException
	at java.base/jdk.internal.reflect.DirectMethodHandleAccessor.invoke(DirectMethodHandleAccessor.java:118)
	at java.base/java.lang.reflect.Method.invoke(Method.java:580)
	at org.eclipse.lsp4j.jsonrpc.services.GenericEndpoint.lambda$null$0(GenericEndpoint.java:65)
	... 11 more
Caused by: java.nio.file.FileSystemNotFoundException: Provider "git" not installed
	at java.base/java.nio.file.Path.of(Path.java:213)
	at java.base/java.nio.file.Paths.get(Paths.java:98)
	at scala.meta.internal.mtags.MtagsEnrichments$XtensionURIMtags.toAbsolutePath(MtagsEnrichments.scala:131)
	at scala.meta.internal.mtags.MtagsEnrichments$XtensionStringMtags.toAbsolutePath(MtagsEnrichments.scala:187)
	at scala.meta.internal.metals.MetalsEnrichments$XtensionString.toAbsolutePath(MetalsEnrichments.scala:732)
	at scala.meta.internal.metals.MetalsEnrichments$XtensionString.toAbsolutePath(MetalsEnrichments.scala:729)
	at scala.meta.internal.metals.WorkspaceLspService.didFocus(WorkspaceLspService.scala:639)
	at scala.meta.metals.lsp.DelegatingScalaService.didFocus(DelegatingScalaService.scala:43)
	at java.base/jdk.internal.reflect.DirectMethodHandleAccessor.invoke(DirectMethodHandleAccessor.java:103)
	... 13 more

Apr 22, 2024 10:44:05 PM org.eclipse.lsp4j.jsonrpc.RemoteEndpoint handleCancellation
WARNING: Unmatched cancel notification for request id 243
Apr 22, 2024 10:44:05 PM org.eclipse.lsp4j.jsonrpc.RemoteEndpoint handleCancellation
WARNING: Unmatched cancel notification for request id 244
2024.04.22 22:45:10 WARN  no build target for: /Users/mathiusjohnson/projects/qwasar/Eng-Labs/warrior-database-load-tester/src/gatling/scala/warriordatabase/WarriorDatabaseSimulation.scala
2024.04.22 22:45:17 WARN  no build target for: /Users/mathiusjohnson/projects/qwasar/Eng-Labs/warrior-database-load-tester/src/gatling/scala/warriordatabase/WarriorDatabaseSimulation.scala
2024.04.22 22:45:26 WARN  no build target for: /Users/mathiusjohnson/projects/qwasar/Eng-Labs/warrior-database-load-tester/src/gatling/scala/warriordatabase/WarriorDatabaseSimulation.scala
2024.04.22 22:52:09 WARN  no build target for: /Users/mathiusjohnson/projects/qwasar/Eng-Labs/warrior-database-load-tester/src/gatling/scala/warriordatabase/WarriorDatabaseSimulation.scala
Apr 22, 2024 11:01:53 PM org.eclipse.lsp4j.jsonrpc.RemoteEndpoint handleCancellation
WARNING: Unmatched cancel notification for request id 370
Apr 23, 2024 12:25:57 AM org.eclipse.lsp4j.jsonrpc.RemoteEndpoint handleCancellation
WARNING: Unmatched cancel notification for request id 377
Apr 23, 2024 12:25:58 AM org.eclipse.lsp4j.jsonrpc.RemoteEndpoint handleCancellation
WARNING: Unmatched cancel notification for request id 381
2024.04.23 00:26:14 WARN  no build target for: /Users/mathiusjohnson/projects/qwasar/Eng-Labs/warrior-database-load-tester/src/gatling/scala/warriordatabase/WarriorDatabaseSimulation.scala
Apr 23, 2024 5:46:44 PM org.eclipse.lsp4j.jsonrpc.RemoteEndpoint handleCancellation
WARNING: Unmatched cancel notification for request id 409
Apr 23, 2024 5:46:45 PM org.eclipse.lsp4j.jsonrpc.RemoteEndpoint handleCancellation
WARNING: Unmatched cancel notification for request id 410
Apr 23, 2024 5:46:45 PM org.eclipse.lsp4j.jsonrpc.RemoteEndpoint handleCancellation
WARNING: Unmatched cancel notification for request id 412
Apr 23, 2024 5:46:45 PM org.eclipse.lsp4j.jsonrpc.RemoteEndpoint handleCancellation
WARNING: Unmatched cancel notification for request id 411
Apr 23, 2024 5:48:02 PM org.eclipse.lsp4j.jsonrpc.RemoteEndpoint handleCancellation
WARNING: Unmatched cancel notification for request id 442
Apr 23, 2024 5:48:02 PM org.eclipse.lsp4j.jsonrpc.RemoteEndpoint handleCancellation
WARNING: Unmatched cancel notification for request id 444
2024.04.23 17:48:18 ERROR Failed to tokenize input for semantic tokens for /Users/mathiusjohnson/projects/qwasar/Eng-Labs/warrior-database-load-tester/src/gatling/scala/warriordatabase/WarriorDatabaseSimulation.scala
scala.meta.tokenizers.TokenizeException: <input>:26: error: unclosed string literal
    http("Warrior list").get("/warriorvalue gatling is not a member of iobloop(8)
                             ^
	at scala.meta.internal.tokenizers.Reporter.syntaxError(Reporter.scala:23)
	at scala.meta.internal.tokenizers.Reporter.syntaxError$(Reporter.scala:23)
	at scala.meta.internal.tokenizers.Reporter$$anon$1.syntaxError(Reporter.scala:33)
	at scala.meta.internal.tokenizers.Reporter.syntaxError(Reporter.scala:25)
	at scala.meta.internal.tokenizers.Reporter.syntaxError$(Reporter.scala:25)
	at scala.meta.internal.tokenizers.Reporter$$anon$1.syntaxError(Reporter.scala:33)
	at scala.meta.internal.tokenizers.LegacyScanner.getStringLit(LegacyScanner.scala:560)
	at scala.meta.internal.tokenizers.LegacyScanner.fetchDoubleQuote$1(LegacyScanner.scala:379)
	at scala.meta.internal.tokenizers.LegacyScanner.fetchToken(LegacyScanner.scala:383)
	at scala.meta.internal.tokenizers.LegacyScanner.nextToken(LegacyScanner.scala:214)
	at scala.meta.internal.tokenizers.LegacyScanner.foreach(LegacyScanner.scala:982)
	at scala.meta.internal.tokenizers.ScalametaTokenizer.uncachedTokenize(ScalametaTokenizer.scala:23)
	at scala.meta.internal.tokenizers.ScalametaTokenizer.$anonfun$tokenize$1(ScalametaTokenizer.scala:16)
	at scala.collection.concurrent.TrieMap.getOrElseUpdate(TrieMap.scala:960)
	at scala.meta.internal.tokenizers.ScalametaTokenizer.tokenize(ScalametaTokenizer.scala:16)
	at scala.meta.internal.tokenizers.ScalametaTokenizer$$anon$2.apply(ScalametaTokenizer.scala:331)
	at scala.meta.tokenizers.Api$XtensionTokenizeDialectInput.tokenize(Api.scala:25)
	at scala.meta.tokenizers.Api$XtensionTokenizeInputLike.tokenize(Api.scala:14)
	at scala.meta.internal.metals.SemanticTokensProvider$.getTokens(SemanticTokensProvider.scala:28)
	at scala.meta.internal.metals.SemanticTokensProvider$.provide(SemanticTokensProvider.scala:89)
	at scala.meta.internal.metals.Compilers.$anonfun$semanticTokens$3(Compilers.scala:597)
	at scala.concurrent.impl.Promise$Transformation.run(Promise.scala:467)
	at java.util.concurrent.ThreadPoolExecutor.runWorker(ThreadPoolExecutor.java:1144)
	at java.util.concurrent.ThreadPoolExecutor$Worker.run(ThreadPoolExecutor.java:642)
	at java.lang.Thread.run(Thread.java:1583)

2024.04.23 17:48:26 WARN  no build target for: /Users/mathiusjohnson/projects/qwasar/Eng-Labs/warrior-database-load-tester/src/gatling/scala/warriordatabase/WarriorDatabaseSimulation.scala
2024.04.24 22:35:30 INFO  Shutting down server
2024.04.24 22:35:30 INFO  shutting down Metals
2024.04.24 22:35:30 ERROR Unexpected error initializing server: 
org.eclipse.lsp4j.jsonrpc.ResponseErrorException: Request window/showMessageRequest failed with message: Canceled
	at org.eclipse.lsp4j.jsonrpc.RemoteEndpoint.handleResponse(RemoteEndpoint.java:209)
	at org.eclipse.lsp4j.jsonrpc.RemoteEndpoint.consume(RemoteEndpoint.java:193)
	at org.eclipse.lsp4j.jsonrpc.json.StreamMessageProducer.handleMessage(StreamMessageProducer.java:194)
	at org.eclipse.lsp4j.jsonrpc.json.StreamMessageProducer.listen(StreamMessageProducer.java:94)
	at org.eclipse.lsp4j.jsonrpc.json.ConcurrentMessageProcessor.run(ConcurrentMessageProcessor.java:113)
	at java.util.concurrent.Executors$RunnableAdapter.call(Executors.java:572)
	at java.util.concurrent.FutureTask.run(FutureTask.java:317)
	at java.util.concurrent.ThreadPoolExecutor.runWorker(ThreadPoolExecutor.java:1144)
	at java.util.concurrent.ThreadPoolExecutor$Worker.run(ThreadPoolExecutor.java:642)
	at java.lang.Thread.run(Thread.java:1583)

2024.04.24 22:35:30 INFO  Exiting server
2024.04.24 22:39:20 INFO  Started: Metals version 1.3.0 in folders '/Users/mathiusjohnson/projects/qwasar/Eng-Labs/warrior-database-load-tester' for client Visual Studio Code 1.88.1.
SLF4J: Class path contains multiple SLF4J providers.
SLF4J: Found provider [scribe.slf4j.ScribeServiceProvider@946ac0b]
SLF4J: Found provider [ch.qos.logback.classic.spi.LogbackServiceProvider@b83fa71]
SLF4J: See https://www.slf4j.org/codes.html#multiple_bindings for an explanation.
SLF4J: Actual provider is of type [scribe.slf4j.ScribeServiceProvider@946ac0b]
2024.04.24 22:39:38 WARN  Flyway upgrade recommended: H2 2.2.224 is newer than this version of Flyway and support has not been tested. The latest supported version of H2 is 2.2.220.
Apr 24, 2024 10:39:41 PM org.eclipse.lsp4j.jsonrpc.RemoteEndpoint handleCancellation
WARNING: Unmatched cancel notification for request id 9
Apr 24, 2024 10:39:41 PM org.eclipse.lsp4j.jsonrpc.RemoteEndpoint handleCancellation
WARNING: Unmatched cancel notification for request id 10
Apr 24, 2024 10:39:54 PM org.eclipse.lsp4j.jsonrpc.RemoteEndpoint handleCancellation
WARNING: Unmatched cancel notification for request id 13
Apr 24, 2024 10:39:54 PM org.eclipse.lsp4j.jsonrpc.RemoteEndpoint handleCancellation
WARNING: Unmatched cancel notification for request id 14
Apr 24, 2024 10:39:54 PM org.eclipse.lsp4j.jsonrpc.RemoteEndpoint handleCancellation
WARNING: Unmatched cancel notification for request id 15
2024.04.24 22:40:29 INFO  no build target found for /Users/mathiusjohnson/projects/qwasar/Eng-Labs/warrior-database-load-tester/src/gatling/scala/warriordatabase/WarriorDatabaseSimulation.scala. Using presentation compiler with project's scala-library version: 3.3.3
Apr 24, 2024 10:53:05 PM org.eclipse.lsp4j.jsonrpc.services.GenericEndpoint notify
INFO: Unsupported notification method: $/setTrace
Apr 25, 2024 10:20:03 PM org.eclipse.lsp4j.jsonrpc.services.GenericEndpoint notify
INFO: Unsupported notification method: $/setTrace
Apr 26, 2024 10:20:29 PM org.eclipse.lsp4j.jsonrpc.RemoteEndpoint handleCancellation
WARNING: Unmatched cancel notification for request id 36
Apr 26, 2024 10:32:34 PM org.eclipse.lsp4j.jsonrpc.RemoteEndpoint handleCancellation
WARNING: Unmatched cancel notification for request id 76
Apr 26, 2024 10:32:35 PM org.eclipse.lsp4j.jsonrpc.RemoteEndpoint handleCancellation
WARNING: Unmatched cancel notification for request id 82
2024.04.26 22:32:35 WARN  no build target for: /Users/mathiusjohnson/projects/qwasar/Eng-Labs/warrior-database-load-tester/src/gatling/scala/warriordatabase/WarriorDatabaseSimulation.scala
2024.04.26 22:33:38 WARN  no build target for: /Users/mathiusjohnson/projects/qwasar/Eng-Labs/warrior-database-load-tester/src/gatling/scala/warriordatabase/WarriorDatabaseSimulation.scala
2024.04.26 22:33:47 WARN  no build target for: /Users/mathiusjohnson/projects/qwasar/Eng-Labs/warrior-database-load-tester/src/gatling/scala/warriordatabase/WarriorDatabaseSimulation.scala
2024.04.26 22:34:22 WARN  no build target for: /Users/mathiusjohnson/projects/qwasar/Eng-Labs/warrior-database-load-tester/src/gatling/scala/warriordatabase/WarriorDatabaseSimulation.scala
2024.04.26 22:34:23 WARN  no build target for: /Users/mathiusjohnson/projects/qwasar/Eng-Labs/warrior-database-load-tester/src/gatling/scala/warriordatabase/WarriorDatabaseSimulation.scala
Apr 26, 2024 10:34:35 PM org.eclipse.lsp4j.jsonrpc.RemoteEndpoint handleNotification
WARNING: Notification threw an exception: {
  "jsonrpc": "2.0",
  "method": "metals/didFocusTextDocument",
  "params": [
    "git:/Users/mathiusjohnson/projects/qwasar/Eng-Labs/warrior-database-load-tester/src/gatling/scala/warriordatabase/WarriorDatabaseSimulation.scala?%7B%22path%22%3A%22%2FUsers%2Fmathiusjohnson%2Fprojects%2Fqwasar%2FEng-Labs%2Fwarrior-database-load-tester%2Fsrc%2Fgatling%2Fscala%2Fwarriordatabase%2FWarriorDatabaseSimulation.scala%22%2C%22ref%22%3A%22~%22%7D"
  ]
}
java.lang.RuntimeException: java.lang.reflect.InvocationTargetException
	at org.eclipse.lsp4j.jsonrpc.services.GenericEndpoint.lambda$null$0(GenericEndpoint.java:67)
	at org.eclipse.lsp4j.jsonrpc.services.GenericEndpoint.notify(GenericEndpoint.java:152)
	at org.eclipse.lsp4j.jsonrpc.RemoteEndpoint.handleNotification(RemoteEndpoint.java:220)
	at org.eclipse.lsp4j.jsonrpc.RemoteEndpoint.consume(RemoteEndpoint.java:187)
	at org.eclipse.lsp4j.jsonrpc.json.StreamMessageProducer.handleMessage(StreamMessageProducer.java:194)
	at org.eclipse.lsp4j.jsonrpc.json.StreamMessageProducer.listen(StreamMessageProducer.java:94)
	at org.eclipse.lsp4j.jsonrpc.json.ConcurrentMessageProcessor.run(ConcurrentMessageProcessor.java:113)
	at java.base/java.util.concurrent.Executors$RunnableAdapter.call(Executors.java:572)
	at java.base/java.util.concurrent.FutureTask.run(FutureTask.java:317)
	at java.base/java.util.concurrent.ThreadPoolExecutor.runWorker(ThreadPoolExecutor.java:1144)
	at java.base/java.util.concurrent.ThreadPoolExecutor$Worker.run(ThreadPoolExecutor.java:642)
	at java.base/java.lang.Thread.run(Thread.java:1583)
Caused by: java.lang.reflect.InvocationTargetException
	at java.base/jdk.internal.reflect.DirectMethodHandleAccessor.invoke(DirectMethodHandleAccessor.java:118)
	at java.base/java.lang.reflect.Method.invoke(Method.java:580)
	at org.eclipse.lsp4j.jsonrpc.services.GenericEndpoint.lambda$null$0(GenericEndpoint.java:65)
	... 11 more
Caused by: java.nio.file.FileSystemNotFoundException: Provider "git" not installed
	at java.base/java.nio.file.Path.of(Path.java:213)
	at java.base/java.nio.file.Paths.get(Paths.java:98)
	at scala.meta.internal.mtags.MtagsEnrichments$XtensionURIMtags.toAbsolutePath(MtagsEnrichments.scala:131)
	at scala.meta.internal.mtags.MtagsEnrichments$XtensionStringMtags.toAbsolutePath(MtagsEnrichments.scala:187)
	at scala.meta.internal.metals.MetalsEnrichments$XtensionString.toAbsolutePath(MetalsEnrichments.scala:732)
	at scala.meta.internal.metals.MetalsEnrichments$XtensionString.toAbsolutePath(MetalsEnrichments.scala:729)
	at scala.meta.internal.metals.WorkspaceLspService.didFocus(WorkspaceLspService.scala:639)
	at scala.meta.metals.lsp.DelegatingScalaService.didFocus(DelegatingScalaService.scala:43)
	at java.base/jdk.internal.reflect.DirectMethodHandleAccessor.invoke(DirectMethodHandleAccessor.java:103)
	... 13 more

2024.04.26 22:34:38 WARN  no build target for: /Users/mathiusjohnson/projects/qwasar/Eng-Labs/warrior-database-load-tester/src/gatling/scala/warriordatabase/WarriorDatabaseSimulation.scala
Apr 26, 2024 10:34:53 PM org.eclipse.lsp4j.jsonrpc.RemoteEndpoint handleNotification
WARNING: Notification threw an exception: {
  "jsonrpc": "2.0",
  "method": "metals/didFocusTextDocument",
  "params": [
    "git:/Users/mathiusjohnson/projects/qwasar/Eng-Labs/warrior-database-load-tester/src/gatling/scala/warriordatabase/WarriorDatabaseSimulation.scala?%7B%22path%22%3A%22%2FUsers%2Fmathiusjohnson%2Fprojects%2Fqwasar%2FEng-Labs%2Fwarrior-database-load-tester%2Fsrc%2Fgatling%2Fscala%2Fwarriordatabase%2FWarriorDatabaseSimulation.scala%22%2C%22ref%22%3A%22~%22%7D"
  ]
}
java.lang.RuntimeException: java.lang.reflect.InvocationTargetException
	at org.eclipse.lsp4j.jsonrpc.services.GenericEndpoint.lambda$null$0(GenericEndpoint.java:67)
	at org.eclipse.lsp4j.jsonrpc.services.GenericEndpoint.notify(GenericEndpoint.java:152)
	at org.eclipse.lsp4j.jsonrpc.RemoteEndpoint.handleNotification(RemoteEndpoint.java:220)
	at org.eclipse.lsp4j.jsonrpc.RemoteEndpoint.consume(RemoteEndpoint.java:187)
	at org.eclipse.lsp4j.jsonrpc.json.StreamMessageProducer.handleMessage(StreamMessageProducer.java:194)
	at org.eclipse.lsp4j.jsonrpc.json.StreamMessageProducer.listen(StreamMessageProducer.java:94)
	at org.eclipse.lsp4j.jsonrpc.json.ConcurrentMessageProcessor.run(ConcurrentMessageProcessor.java:113)
	at java.base/java.util.concurrent.Executors$RunnableAdapter.call(Executors.java:572)
	at java.base/java.util.concurrent.FutureTask.run(FutureTask.java:317)
	at java.base/java.util.concurrent.ThreadPoolExecutor.runWorker(ThreadPoolExecutor.java:1144)
	at java.base/java.util.concurrent.ThreadPoolExecutor$Worker.run(ThreadPoolExecutor.java:642)
	at java.base/java.lang.Thread.run(Thread.java:1583)
Caused by: java.lang.reflect.InvocationTargetException
	at java.base/jdk.internal.reflect.DirectMethodHandleAccessor.invoke(DirectMethodHandleAccessor.java:118)
	at java.base/java.lang.reflect.Method.invoke(Method.java:580)
	at org.eclipse.lsp4j.jsonrpc.services.GenericEndpoint.lambda$null$0(GenericEndpoint.java:65)
	... 11 more
Caused by: java.nio.file.FileSystemNotFoundException: Provider "git" not installed
	at java.base/java.nio.file.Path.of(Path.java:213)
	at java.base/java.nio.file.Paths.get(Paths.java:98)
	at scala.meta.internal.mtags.MtagsEnrichments$XtensionURIMtags.toAbsolutePath(MtagsEnrichments.scala:131)
	at scala.meta.internal.mtags.MtagsEnrichments$XtensionStringMtags.toAbsolutePath(MtagsEnrichments.scala:187)
	at scala.meta.internal.metals.MetalsEnrichments$XtensionString.toAbsolutePath(MetalsEnrichments.scala:732)
	at scala.meta.internal.metals.MetalsEnrichments$XtensionString.toAbsolutePath(MetalsEnrichments.scala:729)
	at scala.meta.internal.metals.WorkspaceLspService.didFocus(WorkspaceLspService.scala:639)
	at scala.meta.metals.lsp.DelegatingScalaService.didFocus(DelegatingScalaService.scala:43)
	at java.base/jdk.internal.reflect.DirectMethodHandleAccessor.invoke(DirectMethodHandleAccessor.java:103)
	... 13 more

2024.04.26 22:35:27 WARN  no build target for: /Users/mathiusjohnson/projects/qwasar/Eng-Labs/warrior-database-load-tester/src/gatling/scala/warriordatabase/WarriorDatabaseSimulation.scala
2024.04.26 22:37:32 WARN  no build target for: /Users/mathiusjohnson/projects/qwasar/Eng-Labs/warrior-database-load-tester/src/gatling/scala/warriordatabase/WarriorDatabaseSimulation.scala
2024.04.26 22:37:35 WARN  no build target for: /Users/mathiusjohnson/projects/qwasar/Eng-Labs/warrior-database-load-tester/src/gatling/scala/warriordatabase/WarriorDatabaseSimulation.scala
Apr 26, 2024 10:38:24 PM org.eclipse.lsp4j.jsonrpc.RemoteEndpoint handleNotification
WARNING: Notification threw an exception: {
  "jsonrpc": "2.0",
  "method": "metals/didFocusTextDocument",
  "params": [
    "git:/Users/mathiusjohnson/projects/qwasar/Eng-Labs/warrior-database-load-tester/src/gatling/scala/warriordatabase/WarriorDatabaseSimulation.scala?%7B%22path%22%3A%22%2FUsers%2Fmathiusjohnson%2Fprojects%2Fqwasar%2FEng-Labs%2Fwarrior-database-load-tester%2Fsrc%2Fgatling%2Fscala%2Fwarriordatabase%2FWarriorDatabaseSimulation.scala%22%2C%22ref%22%3A%22~%22%7D"
  ]
}
java.lang.RuntimeException: java.lang.reflect.InvocationTargetException
	at org.eclipse.lsp4j.jsonrpc.services.GenericEndpoint.lambda$null$0(GenericEndpoint.java:67)
	at org.eclipse.lsp4j.jsonrpc.services.GenericEndpoint.notify(GenericEndpoint.java:152)
	at org.eclipse.lsp4j.jsonrpc.RemoteEndpoint.handleNotification(RemoteEndpoint.java:220)
	at org.eclipse.lsp4j.jsonrpc.RemoteEndpoint.consume(RemoteEndpoint.java:187)
	at org.eclipse.lsp4j.jsonrpc.json.StreamMessageProducer.handleMessage(StreamMessageProducer.java:194)
	at org.eclipse.lsp4j.jsonrpc.json.StreamMessageProducer.listen(StreamMessageProducer.java:94)
	at org.eclipse.lsp4j.jsonrpc.json.ConcurrentMessageProcessor.run(ConcurrentMessageProcessor.java:113)
	at java.base/java.util.concurrent.Executors$RunnableAdapter.call(Executors.java:572)
	at java.base/java.util.concurrent.FutureTask.run(FutureTask.java:317)
	at java.base/java.util.concurrent.ThreadPoolExecutor.runWorker(ThreadPoolExecutor.java:1144)
	at java.base/java.util.concurrent.ThreadPoolExecutor$Worker.run(ThreadPoolExecutor.java:642)
	at java.base/java.lang.Thread.run(Thread.java:1583)
Caused by: java.lang.reflect.InvocationTargetException
	at java.base/jdk.internal.reflect.DirectMethodHandleAccessor.invoke(DirectMethodHandleAccessor.java:118)
	at java.base/java.lang.reflect.Method.invoke(Method.java:580)
	at org.eclipse.lsp4j.jsonrpc.services.GenericEndpoint.lambda$null$0(GenericEndpoint.java:65)
	... 11 more
Caused by: java.nio.file.FileSystemNotFoundException: Provider "git" not installed
	at java.base/java.nio.file.Path.of(Path.java:213)
	at java.base/java.nio.file.Paths.get(Paths.java:98)
	at scala.meta.internal.mtags.MtagsEnrichments$XtensionURIMtags.toAbsolutePath(MtagsEnrichments.scala:131)
	at scala.meta.internal.mtags.MtagsEnrichments$XtensionStringMtags.toAbsolutePath(MtagsEnrichments.scala:187)
	at scala.meta.internal.metals.MetalsEnrichments$XtensionString.toAbsolutePath(MetalsEnrichments.scala:732)
	at scala.meta.internal.metals.MetalsEnrichments$XtensionString.toAbsolutePath(MetalsEnrichments.scala:729)
	at scala.meta.internal.metals.WorkspaceLspService.didFocus(WorkspaceLspService.scala:639)
	at scala.meta.metals.lsp.DelegatingScalaService.didFocus(DelegatingScalaService.scala:43)
	at java.base/jdk.internal.reflect.DirectMethodHandleAccessor.invoke(DirectMethodHandleAccessor.java:103)
	... 13 more

Apr 26, 2024 10:38:36 PM org.eclipse.lsp4j.jsonrpc.RemoteEndpoint handleNotification
WARNING: Notification threw an exception: {
  "jsonrpc": "2.0",
  "method": "metals/didFocusTextDocument",
  "params": [
    "git:/Users/mathiusjohnson/projects/qwasar/Eng-Labs/warrior-database-load-tester/src/gatling/scala/warriordatabase/WarriorDatabaseSimulation.scala?%7B%22path%22%3A%22%2FUsers%2Fmathiusjohnson%2Fprojects%2Fqwasar%2FEng-Labs%2Fwarrior-database-load-tester%2Fsrc%2Fgatling%2Fscala%2Fwarriordatabase%2FWarriorDatabaseSimulation.scala%22%2C%22ref%22%3A%22~%22%7D"
  ]
}
java.lang.RuntimeException: java.lang.reflect.InvocationTargetException
	at org.eclipse.lsp4j.jsonrpc.services.GenericEndpoint.lambda$null$0(GenericEndpoint.java:67)
	at org.eclipse.lsp4j.jsonrpc.services.GenericEndpoint.notify(GenericEndpoint.java:152)
	at org.eclipse.lsp4j.jsonrpc.RemoteEndpoint.handleNotification(RemoteEndpoint.java:220)
	at org.eclipse.lsp4j.jsonrpc.RemoteEndpoint.consume(RemoteEndpoint.java:187)
	at org.eclipse.lsp4j.jsonrpc.json.StreamMessageProducer.handleMessage(StreamMessageProducer.java:194)
	at org.eclipse.lsp4j.jsonrpc.json.StreamMessageProducer.listen(StreamMessageProducer.java:94)
	at org.eclipse.lsp4j.jsonrpc.json.ConcurrentMessageProcessor.run(ConcurrentMessageProcessor.java:113)
	at java.base/java.util.concurrent.Executors$RunnableAdapter.call(Executors.java:572)
	at java.base/java.util.concurrent.FutureTask.run(FutureTask.java:317)
	at java.base/java.util.concurrent.ThreadPoolExecutor.runWorker(ThreadPoolExecutor.java:1144)
	at java.base/java.util.concurrent.ThreadPoolExecutor$Worker.run(ThreadPoolExecutor.java:642)
	at java.base/java.lang.Thread.run(Thread.java:1583)
Caused by: java.lang.reflect.InvocationTargetException
	at java.base/jdk.internal.reflect.DirectMethodHandleAccessor.invoke(DirectMethodHandleAccessor.java:118)
	at java.base/java.lang.reflect.Method.invoke(Method.java:580)
	at org.eclipse.lsp4j.jsonrpc.services.GenericEndpoint.lambda$null$0(GenericEndpoint.java:65)
	... 11 more
Caused by: java.nio.file.FileSystemNotFoundException: Provider "git" not installed
	at java.base/java.nio.file.Path.of(Path.java:213)
	at java.base/java.nio.file.Paths.get(Paths.java:98)
	at scala.meta.internal.mtags.MtagsEnrichments$XtensionURIMtags.toAbsolutePath(MtagsEnrichments.scala:131)
	at scala.meta.internal.mtags.MtagsEnrichments$XtensionStringMtags.toAbsolutePath(MtagsEnrichments.scala:187)
	at scala.meta.internal.metals.MetalsEnrichments$XtensionString.toAbsolutePath(MetalsEnrichments.scala:732)
	at scala.meta.internal.metals.MetalsEnrichments$XtensionString.toAbsolutePath(MetalsEnrichments.scala:729)
	at scala.meta.internal.metals.WorkspaceLspService.didFocus(WorkspaceLspService.scala:639)
	at scala.meta.metals.lsp.DelegatingScalaService.didFocus(DelegatingScalaService.scala:43)
	at java.base/jdk.internal.reflect.DirectMethodHandleAccessor.invoke(DirectMethodHandleAccessor.java:103)
	... 13 more

2024.04.26 22:38:41 WARN  no build target for: /Users/mathiusjohnson/projects/qwasar/Eng-Labs/warrior-database-load-tester/src/gatling/scala/warriordatabase/WarriorDatabaseSimulation.scala
2024.04.26 22:38:41 WARN  no build target for: /Users/mathiusjohnson/projects/qwasar/Eng-Labs/warrior-database-load-tester/src/gatling/scala/warriordatabase/WarriorDatabaseSimulation.scala
Apr 26, 2024 10:38:42 PM org.eclipse.lsp4j.jsonrpc.RemoteEndpoint handleNotification
WARNING: Notification threw an exception: {
  "jsonrpc": "2.0",
  "method": "metals/didFocusTextDocument",
  "params": [
    "git:/Users/mathiusjohnson/projects/qwasar/Eng-Labs/warrior-database-load-tester/src/gatling/scala/warriordatabase/WarriorDatabaseSimulation.scala?%7B%22path%22%3A%22%2FUsers%2Fmathiusjohnson%2Fprojects%2Fqwasar%2FEng-Labs%2Fwarrior-database-load-tester%2Fsrc%2Fgatling%2Fscala%2Fwarriordatabase%2FWarriorDatabaseSimulation.scala%22%2C%22ref%22%3A%22~%22%7D"
  ]
}
java.lang.RuntimeException: java.lang.reflect.InvocationTargetException
	at org.eclipse.lsp4j.jsonrpc.services.GenericEndpoint.lambda$null$0(GenericEndpoint.java:67)
	at org.eclipse.lsp4j.jsonrpc.services.GenericEndpoint.notify(GenericEndpoint.java:152)
	at org.eclipse.lsp4j.jsonrpc.RemoteEndpoint.handleNotification(RemoteEndpoint.java:220)
	at org.eclipse.lsp4j.jsonrpc.RemoteEndpoint.consume(RemoteEndpoint.java:187)
	at org.eclipse.lsp4j.jsonrpc.json.StreamMessageProducer.handleMessage(StreamMessageProducer.java:194)
	at org.eclipse.lsp4j.jsonrpc.json.StreamMessageProducer.listen(StreamMessageProducer.java:94)
	at org.eclipse.lsp4j.jsonrpc.json.ConcurrentMessageProcessor.run(ConcurrentMessageProcessor.java:113)
	at java.base/java.util.concurrent.Executors$RunnableAdapter.call(Executors.java:572)
	at java.base/java.util.concurrent.FutureTask.run(FutureTask.java:317)
	at java.base/java.util.concurrent.ThreadPoolExecutor.runWorker(ThreadPoolExecutor.java:1144)
	at java.base/java.util.concurrent.ThreadPoolExecutor$Worker.run(ThreadPoolExecutor.java:642)
	at java.base/java.lang.Thread.run(Thread.java:1583)
Caused by: java.lang.reflect.InvocationTargetException
	at java.base/jdk.internal.reflect.DirectMethodHandleAccessor.invoke(DirectMethodHandleAccessor.java:118)
	at java.base/java.lang.reflect.Method.invoke(Method.java:580)
	at org.eclipse.lsp4j.jsonrpc.services.GenericEndpoint.lambda$null$0(GenericEndpoint.java:65)
	... 11 more
Caused by: java.nio.file.FileSystemNotFoundException: Provider "git" not installed
	at java.base/java.nio.file.Path.of(Path.java:213)
	at java.base/java.nio.file.Paths.get(Paths.java:98)
	at scala.meta.internal.mtags.MtagsEnrichments$XtensionURIMtags.toAbsolutePath(MtagsEnrichments.scala:131)
	at scala.meta.internal.mtags.MtagsEnrichments$XtensionStringMtags.toAbsolutePath(MtagsEnrichments.scala:187)
	at scala.meta.internal.metals.MetalsEnrichments$XtensionString.toAbsolutePath(MetalsEnrichments.scala:732)
	at scala.meta.internal.metals.MetalsEnrichments$XtensionString.toAbsolutePath(MetalsEnrichments.scala:729)
	at scala.meta.internal.metals.WorkspaceLspService.didFocus(WorkspaceLspService.scala:639)
	at scala.meta.metals.lsp.DelegatingScalaService.didFocus(DelegatingScalaService.scala:43)
	at java.base/jdk.internal.reflect.DirectMethodHandleAccessor.invoke(DirectMethodHandleAccessor.java:103)
	... 13 more

2024.04.26 22:38:45 WARN  no build target for: /Users/mathiusjohnson/projects/qwasar/Eng-Labs/warrior-database-load-tester/src/gatling/scala/warriordatabase/WarriorDatabaseSimulation.scala
Apr 26, 2024 10:40:59 PM org.eclipse.lsp4j.jsonrpc.RemoteEndpoint handleNotification
WARNING: Notification threw an exception: {
  "jsonrpc": "2.0",
  "method": "metals/didFocusTextDocument",
  "params": [
    "git:/Users/mathiusjohnson/projects/qwasar/Eng-Labs/warrior-database-load-tester/src/gatling/scala/warriordatabase/WarriorDatabaseSimulation.scala?%7B%22path%22%3A%22%2FUsers%2Fmathiusjohnson%2Fprojects%2Fqwasar%2FEng-Labs%2Fwarrior-database-load-tester%2Fsrc%2Fgatling%2Fscala%2Fwarriordatabase%2FWarriorDatabaseSimulation.scala%22%2C%22ref%22%3A%22~%22%7D"
  ]
}
java.lang.RuntimeException: java.lang.reflect.InvocationTargetException
	at org.eclipse.lsp4j.jsonrpc.services.GenericEndpoint.lambda$null$0(GenericEndpoint.java:67)
	at org.eclipse.lsp4j.jsonrpc.services.GenericEndpoint.notify(GenericEndpoint.java:152)
	at org.eclipse.lsp4j.jsonrpc.RemoteEndpoint.handleNotification(RemoteEndpoint.java:220)
	at org.eclipse.lsp4j.jsonrpc.RemoteEndpoint.consume(RemoteEndpoint.java:187)
	at org.eclipse.lsp4j.jsonrpc.json.StreamMessageProducer.handleMessage(StreamMessageProducer.java:194)
	at org.eclipse.lsp4j.jsonrpc.json.StreamMessageProducer.listen(StreamMessageProducer.java:94)
	at org.eclipse.lsp4j.jsonrpc.json.ConcurrentMessageProcessor.run(ConcurrentMessageProcessor.java:113)
	at java.base/java.util.concurrent.Executors$RunnableAdapter.call(Executors.java:572)
	at java.base/java.util.concurrent.FutureTask.run(FutureTask.java:317)
	at java.base/java.util.concurrent.ThreadPoolExecutor.runWorker(ThreadPoolExecutor.java:1144)
	at java.base/java.util.concurrent.ThreadPoolExecutor$Worker.run(ThreadPoolExecutor.java:642)
	at java.base/java.lang.Thread.run(Thread.java:1583)
Caused by: java.lang.reflect.InvocationTargetException
	at java.base/jdk.internal.reflect.DirectMethodHandleAccessor.invoke(DirectMethodHandleAccessor.java:118)
	at java.base/java.lang.reflect.Method.invoke(Method.java:580)
	at org.eclipse.lsp4j.jsonrpc.services.GenericEndpoint.lambda$null$0(GenericEndpoint.java:65)
	... 11 more
Caused by: java.nio.file.FileSystemNotFoundException: Provider "git" not installed
	at java.base/java.nio.file.Path.of(Path.java:213)
	at java.base/java.nio.file.Paths.get(Paths.java:98)
	at scala.meta.internal.mtags.MtagsEnrichments$XtensionURIMtags.toAbsolutePath(MtagsEnrichments.scala:131)
	at scala.meta.internal.mtags.MtagsEnrichments$XtensionStringMtags.toAbsolutePath(MtagsEnrichments.scala:187)
	at scala.meta.internal.metals.MetalsEnrichments$XtensionString.toAbsolutePath(MetalsEnrichments.scala:732)
	at scala.meta.internal.metals.MetalsEnrichments$XtensionString.toAbsolutePath(MetalsEnrichments.scala:729)
	at scala.meta.internal.metals.WorkspaceLspService.didFocus(WorkspaceLspService.scala:639)
	at scala.meta.metals.lsp.DelegatingScalaService.didFocus(DelegatingScalaService.scala:43)
	at java.base/jdk.internal.reflect.DirectMethodHandleAccessor.invoke(DirectMethodHandleAccessor.java:103)
	... 13 more

Apr 26, 2024 10:42:10 PM org.eclipse.lsp4j.jsonrpc.RemoteEndpoint handleNotification
WARNING: Notification threw an exception: {
  "jsonrpc": "2.0",
  "method": "metals/didFocusTextDocument",
  "params": [
    "git:/Users/mathiusjohnson/projects/qwasar/Eng-Labs/warrior-database-load-tester/src/gatling/scala/warriordatabase/WarriorDatabaseSimulation.scala?%7B%22path%22%3A%22%2FUsers%2Fmathiusjohnson%2Fprojects%2Fqwasar%2FEng-Labs%2Fwarrior-database-load-tester%2Fsrc%2Fgatling%2Fscala%2Fwarriordatabase%2FWarriorDatabaseSimulation.scala%22%2C%22ref%22%3A%22~%22%7D"
  ]
}
java.lang.RuntimeException: java.lang.reflect.InvocationTargetException
	at org.eclipse.lsp4j.jsonrpc.services.GenericEndpoint.lambda$null$0(GenericEndpoint.java:67)
	at org.eclipse.lsp4j.jsonrpc.services.GenericEndpoint.notify(GenericEndpoint.java:152)
	at org.eclipse.lsp4j.jsonrpc.RemoteEndpoint.handleNotification(RemoteEndpoint.java:220)
	at org.eclipse.lsp4j.jsonrpc.RemoteEndpoint.consume(RemoteEndpoint.java:187)
	at org.eclipse.lsp4j.jsonrpc.json.StreamMessageProducer.handleMessage(StreamMessageProducer.java:194)
	at org.eclipse.lsp4j.jsonrpc.json.StreamMessageProducer.listen(StreamMessageProducer.java:94)
	at org.eclipse.lsp4j.jsonrpc.json.ConcurrentMessageProcessor.run(ConcurrentMessageProcessor.java:113)
	at java.base/java.util.concurrent.Executors$RunnableAdapter.call(Executors.java:572)
	at java.base/java.util.concurrent.FutureTask.run(FutureTask.java:317)
	at java.base/java.util.concurrent.ThreadPoolExecutor.runWorker(ThreadPoolExecutor.java:1144)
	at java.base/java.util.concurrent.ThreadPoolExecutor$Worker.run(ThreadPoolExecutor.java:642)
	at java.base/java.lang.Thread.run(Thread.java:1583)
Caused by: java.lang.reflect.InvocationTargetException
	at java.base/jdk.internal.reflect.DirectMethodHandleAccessor.invoke(DirectMethodHandleAccessor.java:118)
	at java.base/java.lang.reflect.Method.invoke(Method.java:580)
	at org.eclipse.lsp4j.jsonrpc.services.GenericEndpoint.lambda$null$0(GenericEndpoint.java:65)
	... 11 more
Caused by: java.nio.file.FileSystemNotFoundException: Provider "git" not installed
	at java.base/java.nio.file.Path.of(Path.java:213)
	at java.base/java.nio.file.Paths.get(Paths.java:98)
	at scala.meta.internal.mtags.MtagsEnrichments$XtensionURIMtags.toAbsolutePath(MtagsEnrichments.scala:131)
	at scala.meta.internal.mtags.MtagsEnrichments$XtensionStringMtags.toAbsolutePath(MtagsEnrichments.scala:187)
	at scala.meta.internal.metals.MetalsEnrichments$XtensionString.toAbsolutePath(MetalsEnrichments.scala:732)
	at scala.meta.internal.metals.MetalsEnrichments$XtensionString.toAbsolutePath(MetalsEnrichments.scala:729)
	at scala.meta.internal.metals.WorkspaceLspService.didFocus(WorkspaceLspService.scala:639)
	at scala.meta.metals.lsp.DelegatingScalaService.didFocus(DelegatingScalaService.scala:43)
	at java.base/jdk.internal.reflect.DirectMethodHandleAccessor.invoke(DirectMethodHandleAccessor.java:103)
	... 13 more

2024.04.26 22:54:34 WARN  no build target for: /Users/mathiusjohnson/projects/qwasar/Eng-Labs/warrior-database-load-tester/src/gatling/scala/warriordatabase/WarriorDatabaseSimulation.scala
2024.04.26 22:54:59 WARN  no build target for: /Users/mathiusjohnson/projects/qwasar/Eng-Labs/warrior-database-load-tester/src/gatling/scala/warriordatabase/WarriorDatabaseSimulation.scala
2024.04.26 22:56:22 WARN  no build target for: /Users/mathiusjohnson/projects/qwasar/Eng-Labs/warrior-database-load-tester/src/gatling/scala/warriordatabase/WarriorDatabaseSimulation.scala
2024.04.26 23:00:57 WARN  no build target for: /Users/mathiusjohnson/projects/qwasar/Eng-Labs/warrior-database-load-tester/src/gatling/scala/warriordatabase/WarriorDatabaseSimulation.scala
Apr 26, 2024 11:14:57 PM org.eclipse.lsp4j.jsonrpc.RemoteEndpoint handleCancellation
WARNING: Unmatched cancel notification for request id 697
2024.04.26 23:15:00 WARN  no build target for: /Users/mathiusjohnson/projects/qwasar/Eng-Labs/warrior-database-load-tester/src/gatling/scala/warriordatabase/WarriorDatabaseSimulation.scala
Apr 26, 2024 11:34:10 PM org.eclipse.lsp4j.jsonrpc.RemoteEndpoint handleCancellation
WARNING: Unmatched cancel notification for request id 719
2024.04.26 23:34:14 WARN  no build target for: /Users/mathiusjohnson/projects/qwasar/Eng-Labs/warrior-database-load-tester/src/gatling/scala/warriordatabase/WarriorDatabaseSimulation.scala
2024.04.26 23:40:40 WARN  no build target for: /Users/mathiusjohnson/projects/qwasar/Eng-Labs/warrior-database-load-tester/src/gatling/scala/warriordatabase/WarriorDatabaseSimulation.scala
Apr 26, 2024 11:40:40 PM org.eclipse.lsp4j.jsonrpc.RemoteEndpoint handleCancellation
WARNING: Unmatched cancel notification for request id 754
2024.04.26 23:40:40 WARN  no build target for: /Users/mathiusjohnson/projects/qwasar/Eng-Labs/warrior-database-load-tester/src/gatling/scala/warriordatabase/WarriorDatabaseSimulation.scala
2024.04.26 23:58:20 WARN  no build target for: /Users/mathiusjohnson/projects/qwasar/Eng-Labs/warrior-database-load-tester/src/gatling/scala/warriordatabase/WarriorDatabaseSimulation.scala
2024.04.27 00:03:26 WARN  no build target for: /Users/mathiusjohnson/projects/qwasar/Eng-Labs/warrior-database-load-tester/src/gatling/scala/warriordatabase/WarriorDatabaseSimulation.scala
Apr 27, 2024 12:04:44 AM org.eclipse.lsp4j.jsonrpc.RemoteEndpoint handleCancellation
WARNING: Unmatched cancel notification for request id 912
2024.04.27 00:04:48 WARN  no build target for: /Users/mathiusjohnson/projects/qwasar/Eng-Labs/warrior-database-load-tester/src/gatling/scala/warriordatabase/WarriorDatabaseSimulation.scala
2024.04.27 00:04:57 WARN  no build target for: /Users/mathiusjohnson/projects/qwasar/Eng-Labs/warrior-database-load-tester/src/gatling/scala/warriordatabase/WarriorDatabaseSimulation.scala
2024.04.27 00:07:28 INFO  Shutting down server
2024.04.27 00:07:28 INFO  shutting down Metals
2024.04.27 00:07:28 ERROR Unexpected error initializing server: 
org.eclipse.lsp4j.jsonrpc.ResponseErrorException: Request window/showMessageRequest failed with message: Canceled
	at org.eclipse.lsp4j.jsonrpc.RemoteEndpoint.handleResponse(RemoteEndpoint.java:209)
	at org.eclipse.lsp4j.jsonrpc.RemoteEndpoint.consume(RemoteEndpoint.java:193)
	at org.eclipse.lsp4j.jsonrpc.json.StreamMessageProducer.handleMessage(StreamMessageProducer.java:194)
	at org.eclipse.lsp4j.jsonrpc.json.StreamMessageProducer.listen(StreamMessageProducer.java:94)
	at org.eclipse.lsp4j.jsonrpc.json.ConcurrentMessageProcessor.run(ConcurrentMessageProcessor.java:113)
	at java.util.concurrent.Executors$RunnableAdapter.call(Executors.java:572)
	at java.util.concurrent.FutureTask.run(FutureTask.java:317)
	at java.util.concurrent.ThreadPoolExecutor.runWorker(ThreadPoolExecutor.java:1144)
	at java.util.concurrent.ThreadPoolExecutor$Worker.run(ThreadPoolExecutor.java:642)
	at java.lang.Thread.run(Thread.java:1583)

2024.04.27 00:07:28 INFO  Exiting server
2024.04.27 00:15:32 INFO  Started: Metals version 1.3.0 in folders '/Users/mathiusjohnson/projects/qwasar/Eng-Labs/warrior-database-load-tester' for client Visual Studio Code 1.88.1.
SLF4J: Class path contains multiple SLF4J providers.
SLF4J: Found provider [scribe.slf4j.ScribeServiceProvider@58c584b5]
SLF4J: Found provider [ch.qos.logback.classic.spi.LogbackServiceProvider@8d243c7]
SLF4J: See https://www.slf4j.org/codes.html#multiple_bindings for an explanation.
SLF4J: Actual provider is of type [scribe.slf4j.ScribeServiceProvider@58c584b5]
2024.04.27 00:15:37 WARN  Flyway upgrade recommended: H2 2.2.224 is newer than this version of Flyway and support has not been tested. The latest supported version of H2 is 2.2.220.
Apr 27, 2024 12:15:56 AM org.eclipse.lsp4j.jsonrpc.RemoteEndpoint handleCancellation
WARNING: Unmatched cancel notification for request id 8
Apr 27, 2024 12:15:56 AM org.eclipse.lsp4j.jsonrpc.RemoteEndpoint handleCancellation
WARNING: Unmatched cancel notification for request id 3
Apr 27, 2024 12:15:58 AM org.eclipse.lsp4j.jsonrpc.RemoteEndpoint handleCancellation
WARNING: Unmatched cancel notification for request id 4
Apr 27, 2024 12:16:23 AM org.eclipse.lsp4j.jsonrpc.RemoteEndpoint handleCancellation
WARNING: Unmatched cancel notification for request id 14
Apr 27, 2024 12:16:23 AM org.eclipse.lsp4j.jsonrpc.RemoteEndpoint handleCancellation
WARNING: Unmatched cancel notification for request id 15
Apr 27, 2024 12:17:13 AM org.eclipse.lsp4j.jsonrpc.RemoteEndpoint handleCancellation
WARNING: Unmatched cancel notification for request id 20
2024.04.27 00:17:16 INFO  running '/Users/mathiusjohnson/projects/qwasar/Eng-Labs/warrior-database-load-tester/gradlew --stacktrace --console=plain --init-script /var/folders/nt/m1kd4svn6b73fvb8j11m3_5h0000gn/T/metals4057115819985116375/init-script.gradle bloopInstall'
2024.04.27 00:17:22 INFO  
2024.04.27 00:17:22 INFO  Welcome to Gradle 8.6!
2024.04.27 00:17:22 INFO  
2024.04.27 00:17:22 INFO  Here are the highlights of this release:
2024.04.27 00:17:22 INFO   - Configurable encryption key for configuration cache
2024.04.27 00:17:22 INFO   - Build init improvements
2024.04.27 00:17:22 INFO   - Build authoring improvements
2024.04.27 00:17:22 INFO  
2024.04.27 00:17:22 INFO  For more details see https://docs.gradle.org/8.6/release-notes.html
2024.04.27 00:17:22 INFO  
2024.04.27 00:17:22 INFO  Starting a Gradle Daemon, 2 incompatible Daemons could not be reused, use --status for details
2024.04.27 00:17:26 INFO  no build target found for /Users/mathiusjohnson/projects/qwasar/Eng-Labs/warrior-database-load-tester/src/gatling/scala/warriordatabase/WarriorDatabaseSimulation.scala. Using presentation compiler with project's scala-library version: 3.3.3
2024.04.27 00:17:49 INFO  > Task :configureBloopInstall
2024.04.27 00:18:04 INFO  > Task :bloopInstall
2024.04.27 00:18:04 INFO  
2024.04.27 00:18:04 INFO  Deprecated Gradle features were used in this build, making it incompatible with Gradle 9.0.
2024.04.27 00:18:04 INFO  
2024.04.27 00:18:04 INFO  You can use '--warning-mode all' to show the individual deprecation warnings and determine if they come from your own scripts or plugins.
2024.04.27 00:18:04 INFO  
2024.04.27 00:18:04 INFO  For more on this, please refer to https://docs.gradle.org/8.6/userguide/command_line_interface.html#sec:command_line_warnings in the Gradle documentation.
2024.04.27 00:18:04 INFO  
2024.04.27 00:18:04 INFO  BUILD SUCCESSFUL in 45s
2024.04.27 00:18:04 INFO  2 actionable tasks: 2 executed
2024.04.27 00:18:04 INFO  time: ran 'gradle bloopInstall' in 47s
2024.04.27 00:18:04 INFO  Attempting to connect to the build server...
2024.04.27 00:18:04 INFO  Replacing bloop java home /Users/mathiusjohnson/.jabba/jdk/openjdk@1.17.0/Contents/Home with java home at /Library/Java/JavaVirtualMachines/jdk-21.jdk/Contents/Home.
2024.04.27 00:18:09 INFO  tracing is disabled for protocol BSP, to enable tracing of incoming and outgoing JSON messages create an empty file at /Users/mathiusjohnson/projects/qwasar/Eng-Labs/warrior-database-load-tester/.metals/bsp.trace.json or /Users/mathiusjohnson/Library/Caches/org.scalameta.metals/bsp.trace.json
2024.04.27 00:18:12 INFO  time: Connected to build server in 7.71s
2024.04.27 00:18:12 INFO  Connected to Build server: Bloop v1.5.17
2024.04.27 00:18:12 INFO  time: Imported build in 0.26s
2024.04.27 00:18:38 INFO  time: indexed workspace in 26s
2024.04.27 00:19:01 WARN  Missing project 'warrior-database-load-tester-test' may cause compilation issues in project 'warrior-database-load-tester-gatling'
2024.04.27 00:19:01 INFO  compiling warrior-database-load-tester-gatling (4 scala sources)
2024.04.27 00:19:14 INFO  time: compiled warrior-database-load-tester-gatling in 12s
2024.04.27 00:19:31 WARN  Missing project 'warrior-database-load-tester-test' may cause compilation issues in project 'warrior-database-load-tester-gatling'
Apr 27, 2024 12:28:46 AM org.eclipse.lsp4j.jsonrpc.RemoteEndpoint handleCancellation
WARNING: Unmatched cancel notification for request id 35
2024.04.27 00:29:17 WARN  Missing project 'warrior-database-load-tester-test' may cause compilation issues in project 'warrior-database-load-tester-gatling'
2024.04.27 00:29:17 INFO  compiling warrior-database-load-tester-gatling (1 scala source)
2024.04.27 00:29:19 INFO  time: compiled warrior-database-load-tester-gatling in 2.22s
2024.04.27 06:59:39 WARN  Missing project 'warrior-database-load-tester-test' may cause compilation issues in project 'warrior-database-load-tester-gatling'
2024.04.27 06:59:39 INFO  compiling warrior-database-load-tester-gatling (1 scala source)
2024.04.27 06:59:40 INFO  Shutting down server
2024.04.27 06:59:40 INFO  shutting down Metals
2024.04.27 06:59:40 INFO  Shut down connection with build server.
Apr 27, 2024 6:59:40 AM org.eclipse.lsp4j.jsonrpc.RemoteEndpoint notify
INFO: Failed to send notification message.
org.eclipse.lsp4j.jsonrpc.JsonRpcException: java.nio.channels.AsynchronousCloseException
	at org.eclipse.lsp4j.jsonrpc.json.StreamMessageConsumer.consume(StreamMessageConsumer.java:72)
	at scala.meta.internal.metals.RequestMonitorImpl$$anon$1.consume(ServerLivenessMonitor.scala:41)
	at org.eclipse.lsp4j.jsonrpc.RemoteEndpoint.notify(RemoteEndpoint.java:126)
	at org.eclipse.lsp4j.jsonrpc.RemoteEndpoint.sendCancelNotification(RemoteEndpoint.java:180)
	at org.eclipse.lsp4j.jsonrpc.RemoteEndpoint$1.cancel(RemoteEndpoint.java:150)
	at scala.meta.internal.metals.utils.FutureWithTimeout$$anon$1.$anonfun$cancel$1(FutureWithTimeout.scala:37)
	at scala.runtime.java8.JFunction0$mcZ$sp.apply(JFunction0$mcZ$sp.scala:17)
	at scala.util.Try$.apply(Try.scala:217)
	at scala.meta.internal.metals.utils.FutureWithTimeout$$anon$1.cancel(FutureWithTimeout.scala:37)
	at scala.meta.internal.metals.Cancelable$.$anonfun$cancelAll$1(Cancelable.scala:29)
	at scala.collection.immutable.List.foreach(List.scala:334)
	at scala.meta.internal.metals.Cancelable$.cancelAll(Cancelable.scala:28)
	at scala.meta.internal.metals.MutableCancelable.cancel(MutableCancelable.scala:25)
	at scala.meta.internal.metals.utils.RequestRegistry.cancel(RequestRegistry.scala:94)
	at scala.meta.internal.metals.BuildServerConnection.cancel(BuildServerConnection.scala:411)
	at scala.meta.internal.metals.BuildServerConnection.$anonfun$shutdown$1(BuildServerConnection.scala:175)
	at scala.meta.internal.metals.BuildServerConnection.$anonfun$shutdown$1$adapted(BuildServerConnection.scala:167)
	at scala.concurrent.impl.Promise$Transformation.run(Promise.scala:467)
	at java.base/java.util.concurrent.ThreadPoolExecutor.runWorker(ThreadPoolExecutor.java:1144)
	at java.base/java.util.concurrent.ThreadPoolExecutor$Worker.run(ThreadPoolExecutor.java:642)
	at java.base/java.lang.Thread.run(Thread.java:1583)
Caused by: java.nio.channels.AsynchronousCloseException
	at java.base/java.nio.channels.spi.AbstractInterruptibleChannel.end(AbstractInterruptibleChannel.java:203)
	at java.base/sun.nio.ch.SinkChannelImpl.endWrite(SinkChannelImpl.java:268)
	at java.base/sun.nio.ch.SinkChannelImpl.write(SinkChannelImpl.java:290)
	at java.base/sun.nio.ch.ChannelOutputStream.writeFully(ChannelOutputStream.java:68)
	at java.base/sun.nio.ch.ChannelOutputStream.write(ChannelOutputStream.java:102)
	at java.base/java.io.OutputStream.write(OutputStream.java:124)
	at java.base/sun.nio.ch.ChannelOutputStream.write(ChannelOutputStream.java:79)
	at scala.meta.internal.metals.ClosableOutputStream.write(ClosableOutputStream.scala:26)
	at java.base/java.io.FilterOutputStream.write(FilterOutputStream.java:139)
	at java.base/java.io.FilterOutputStream.write(FilterOutputStream.java:110)
	at org.eclipse.lsp4j.jsonrpc.json.StreamMessageConsumer.consume(StreamMessageConsumer.java:67)
	... 20 more

2024.04.27 06:59:40 INFO  Cancelling compilation on Bloop server
2024.04.27 06:59:40 INFO  Exiting server
2024.04.27 09:32:27 INFO  Started: Metals version 1.3.0 in folders '/Users/mathiusjohnson/projects/qwasar/Eng-Labs/warrior-database-load-tester' for client Visual Studio Code 1.88.1.
SLF4J: Class path contains multiple SLF4J providers.
SLF4J: Found provider [scribe.slf4j.ScribeServiceProvider@6e034286]
SLF4J: Found provider [ch.qos.logback.classic.spi.LogbackServiceProvider@4d3a6ca3]
SLF4J: See https://www.slf4j.org/codes.html#multiple_bindings for an explanation.
SLF4J: Actual provider is of type [scribe.slf4j.ScribeServiceProvider@6e034286]
2024.04.27 09:32:38 WARN  Flyway upgrade recommended: H2 2.2.224 is newer than this version of Flyway and support has not been tested. The latest supported version of H2 is 2.2.220.
2024.04.27 09:32:39 INFO  Attempting to connect to the build server...
Apr 27, 2024 9:32:41 AM org.eclipse.lsp4j.jsonrpc.RemoteEndpoint handleCancellation
WARNING: Unmatched cancel notification for request id 3
2024.04.27 09:32:42 INFO  tracing is disabled for protocol BSP, to enable tracing of incoming and outgoing JSON messages create an empty file at /Users/mathiusjohnson/projects/qwasar/Eng-Labs/warrior-database-load-tester/.metals/bsp.trace.json or /Users/mathiusjohnson/Library/Caches/org.scalameta.metals/bsp.trace.json
2024.04.27 09:32:42 INFO  time: Connected to build server in 2.57s
2024.04.27 09:32:42 INFO  Connected to Build server: Bloop v1.5.17
Apr 27, 2024 9:32:42 AM org.eclipse.lsp4j.jsonrpc.RemoteEndpoint handleCancellation
WARNING: Unmatched cancel notification for request id 9
2024.04.27 09:32:42 INFO  time: Imported build in 0.24s
Apr 27, 2024 9:32:49 AM org.eclipse.lsp4j.jsonrpc.RemoteEndpoint handleCancellation
WARNING: Unmatched cancel notification for request id 10
Apr 27, 2024 9:32:50 AM org.eclipse.lsp4j.jsonrpc.RemoteEndpoint handleCancellation
WARNING: Unmatched cancel notification for request id 16
Apr 27, 2024 9:32:50 AM org.eclipse.lsp4j.jsonrpc.RemoteEndpoint handleCancellation
WARNING: Unmatched cancel notification for request id 17
Apr 27, 2024 9:32:51 AM org.eclipse.lsp4j.jsonrpc.RemoteEndpoint handleCancellation
WARNING: Unmatched cancel notification for request id 2
Apr 27, 2024 9:32:52 AM org.eclipse.lsp4j.jsonrpc.RemoteEndpoint handleCancellation
WARNING: Unmatched cancel notification for request id 11
2024.04.27 09:33:40 INFO  no build target found for /Users/mathiusjohnson/projects/qwasar/Eng-Labs/warrior-database-load-tester/src/gatling/scala/warriordatabase/WarriorDatabaseSimulation.scala. Using presentation compiler with project's scala-library version: 3.3.3
2024.04.27 09:33:58 INFO  time: indexed workspace in 17s
2024.04.27 09:54:41 WARN  Missing project 'warrior-database-load-tester-test' may cause compilation issues in project 'warrior-database-load-tester-gatling'
2024.04.27 09:54:41 INFO  compiling warrior-database-load-tester-gatling (1 scala source)
2024.04.27 09:54:47 INFO  time: compiled warrior-database-load-tester-gatling in 5.77s
2024.04.27 09:57:20 WARN  Missing project 'warrior-database-load-tester-test' may cause compilation issues in project 'warrior-database-load-tester-gatling'
Apr 27, 2024 10:46:45 AM org.eclipse.lsp4j.jsonrpc.services.GenericEndpoint notify
INFO: Unsupported notification method: $/setTrace
